{
  "stats": {
    "suites": 1,
    "tests": 4,
    "passes": 4,
    "pending": 0,
    "failures": 0,
    "start": "2024-08-07T16:28:22.863Z",
    "end": "2024-08-07T16:28:29.374Z",
    "duration": 6511,
    "testsRegistered": 4,
    "passPercent": 100,
    "pendingPercent": 0,
    "other": 0,
    "hasOther": false,
    "skipped": 0,
    "hasSkipped": false
  },
  "results": [
    {
      "uuid": "acae77bf-14e9-49d3-adef-6c297696afe5",
      "title": "",
      "fullFile": "cypress\\e2e\\apiTests\\add_custom_pricing.cy.js",
      "file": "cypress\\e2e\\apiTests\\add_custom_pricing.cy.js",
      "beforeHooks": [],
      "afterHooks": [],
      "tests": [],
      "suites": [
        {
          "uuid": "81a7bd09-70fa-4417-95df-cf0a05e99952",
          "title": "API Test for Add Custom Pricing",
          "fullFile": "",
          "file": "",
          "beforeHooks": [],
          "afterHooks": [],
          "tests": [
            {
              "title": "should successfully add custom pricing and return the expected response",
              "fullTitle": "API Test for Add Custom Pricing should successfully add custom pricing and return the expected response",
              "timedOut": null,
              "duration": 5632,
              "state": "passed",
              "speed": "medium",
              "pass": true,
              "fail": false,
              "pending": false,
              "context": null,
              "code": "cy.makeRequest('POST', 'add_custom_pricing', {\n  body: payloadData.add_custom_pricing\n}).then(response => {\n  expect(response.status).to.eq(200);\n  expect(response.body).to.have.property('message', 'SUCCESS');\n  expect(response.body.response).to.have.property('success', 'I prezzi personalizzati sono stati aggiornati.');\n});",
              "err": {},
              "uuid": "37e95220-30f2-4ce9-98bb-136c6eabc2ed",
              "parentUUID": "81a7bd09-70fa-4417-95df-cf0a05e99952",
              "isHook": false,
              "skipped": false
            },
            {
              "title": "should return an error when required fields are missing",
              "fullTitle": "API Test for Add Custom Pricing should return an error when required fields are missing",
              "timedOut": null,
              "duration": 284,
              "state": "passed",
              "speed": "fast",
              "pass": true,
              "fail": false,
              "pending": false,
              "context": null,
              "code": "const payload = {\n  \"price\": \"22\",\n  \"reason\": \"test\",\n  \"basePrice\": \"60\"\n};\ncy.makeRequest('POST', 'add_custom_pricing', {\n  body: payload\n}).then(response => {\n  expect(response.status).to.eq(200);\n  expect(response.body).to.have.property('message', 'SUCCESS');\n  expect(response.body.response).to.have.property('message', 'Alloggio non trovato');\n});",
              "err": {},
              "uuid": "19e0edd4-48d4-451e-b247-402cf1758b56",
              "parentUUID": "81a7bd09-70fa-4417-95df-cf0a05e99952",
              "isHook": false,
              "skipped": false
            },
            {
              "title": "should return an error when invalid values are provided",
              "fullTitle": "API Test for Add Custom Pricing should return an error when invalid values are provided",
              "timedOut": null,
              "duration": 284,
              "state": "passed",
              "speed": "fast",
              "pass": true,
              "fail": false,
              "pending": false,
              "context": null,
              "code": "const payload = _objectSpread(_objectSpread({}, payloadData.add_custom_pricing), {}, {\n  \"price\": \"-22\",\n  \"minPrice\": \"-43\",\n  \"maxPrice\": \"-66\",\n  \"startDate\": \"Invalid Date\",\n  \"endDate\": \"Invalid Date\"\n});\ncy.makeRequest('POST', 'add_custom_pricing', {\n  body: payload\n}).then(response => {\n  expect(response.status).to.eq(200);\n  expect(response.body).to.have.property('message', 'SUCCESS');\n  expect(response.body.response).to.have.property('message', 'Il prezzo massimo fisso deve essere maggiore di 0.');\n});",
              "err": {},
              "uuid": "abbd7088-8c4e-4ac0-843d-5f5c8979a117",
              "parentUUID": "81a7bd09-70fa-4417-95df-cf0a05e99952",
              "isHook": false,
              "skipped": false
            },
            {
              "title": "should return an error when payload is empty",
              "fullTitle": "API Test for Add Custom Pricing should return an error when payload is empty",
              "timedOut": null,
              "duration": 285,
              "state": "passed",
              "speed": "fast",
              "pass": true,
              "fail": false,
              "pending": false,
              "context": null,
              "code": "const payload = {};\ncy.makeRequest('POST', 'add_custom_pricing', {\n  body: payload\n}).then(response => {\n  expect(response.status).to.eq(200);\n  expect(response.body).to.have.property('message', 'SUCCESS');\n  expect(response.body.response).to.have.property('message', 'Alloggio non trovato');\n});",
              "err": {},
              "uuid": "fcc6bcee-73d3-4b76-bb00-99547e6a302a",
              "parentUUID": "81a7bd09-70fa-4417-95df-cf0a05e99952",
              "isHook": false,
              "skipped": false
            }
          ],
          "suites": [],
          "passes": [
            "37e95220-30f2-4ce9-98bb-136c6eabc2ed",
            "19e0edd4-48d4-451e-b247-402cf1758b56",
            "abbd7088-8c4e-4ac0-843d-5f5c8979a117",
            "fcc6bcee-73d3-4b76-bb00-99547e6a302a"
          ],
          "failures": [],
          "pending": [],
          "skipped": [],
          "duration": 6485,
          "root": false,
          "rootEmpty": false,
          "_timeout": 2000
        }
      ],
      "passes": [],
      "failures": [],
      "pending": [],
      "skipped": [],
      "duration": 0,
      "root": true,
      "rootEmpty": true,
      "_timeout": 2000
    }
  ],
  "meta": {
    "mocha": {
      "version": "7.0.1"
    },
    "mochawesome": {
      "options": {
        "quiet": false,
        "reportFilename": "mochawesome",
        "saveHtml": false,
        "saveJson": true,
        "consoleReporter": "spec",
        "useInlineDiffs": false,
        "code": true
      },
      "version": "7.1.3"
    },
    "marge": {
      "options": {
        "overwrite": false,
        "html": false,
        "json": true,
        "reportDir": "cypress\\reports\\html\\.jsons"
      },
      "version": "6.2.0"
    }
  }
}