{
  "stats": {
    "suites": 1,
    "tests": 1,
    "passes": 1,
    "pending": 0,
    "failures": 0,
    "start": "2024-08-07T16:28:37.770Z",
    "end": "2024-08-07T16:28:57.175Z",
    "duration": 19405,
    "testsRegistered": 1,
    "passPercent": 100,
    "pendingPercent": 0,
    "other": 0,
    "hasOther": false,
    "skipped": 0,
    "hasSkipped": false
  },
  "results": [
    {
      "uuid": "311467f6-c346-463d-b030-50e17263ef1c",
      "title": "",
      "fullFile": "cypress\\e2e\\e2e\\multipleCalendarPage\\dateSpecificOverride.cy.js",
      "file": "cypress\\e2e\\e2e\\multipleCalendarPage\\dateSpecificOverride.cy.js",
      "beforeHooks": [],
      "afterHooks": [],
      "tests": [],
      "suites": [
        {
          "uuid": "9b344abe-9d28-4bdc-8f94-73c2d487d463",
          "title": "Validate Multiple Calendar Page Date-Specific Override",
          "fullFile": "",
          "file": "",
          "beforeHooks": [],
          "afterHooks": [],
          "tests": [
            {
              "title": "Validate Multiple Calendar Price Selection and DSO page",
              "fullTitle": "Validate Multiple Calendar Page Date-Specific Override Validate Multiple Calendar Price Selection and DSO page",
              "timedOut": null,
              "duration": 19185,
              "state": "passed",
              "speed": "slow",
              "pass": true,
              "fail": false,
              "pending": false,
              "context": null,
              "code": "cy.viewport(1500, 1500);\nmultipleCalendar.tableHeaderListName().should('contain', 'Listing Name');\nmultipleCalendar.pricingSelection('[NB76] - Apartamento lindo', '.css-0', 0);",
              "err": {},
              "uuid": "317c270c-aaa7-41f0-baec-9f3a3b1cf629",
              "parentUUID": "9b344abe-9d28-4bdc-8f94-73c2d487d463",
              "isHook": false,
              "skipped": false
            }
          ],
          "suites": [],
          "passes": [
            "317c270c-aaa7-41f0-baec-9f3a3b1cf629"
          ],
          "failures": [],
          "pending": [],
          "skipped": [],
          "duration": 19185,
          "root": false,
          "rootEmpty": false,
          "_timeout": 2000
        }
      ],
      "passes": [],
      "failures": [],
      "pending": [],
      "skipped": [],
      "duration": 0,
      "root": true,
      "rootEmpty": true,
      "_timeout": 2000
    }
  ],
  "meta": {
    "mocha": {
      "version": "7.0.1"
    },
    "mochawesome": {
      "options": {
        "quiet": false,
        "reportFilename": "mochawesome",
        "saveHtml": false,
        "saveJson": true,
        "consoleReporter": "spec",
        "useInlineDiffs": false,
        "code": true
      },
      "version": "7.1.3"
    },
    "marge": {
      "options": {
        "overwrite": false,
        "html": false,
        "json": true,
        "reportDir": "cypress\\reports\\html\\.jsons"
      },
      "version": "6.2.0"
    }
  }
}