{
  "stats": {
    "suites": 1,
    "tests": 2,
    "passes": 1,
    "pending": 0,
    "failures": 1,
    "start": "2024-08-07T15:55:31.898Z",
    "end": "2024-08-07T15:56:00.848Z",
    "duration": 28950,
    "testsRegistered": 2,
    "passPercent": 50,
    "pendingPercent": 0,
    "other": 0,
    "hasOther": false,
    "skipped": 0,
    "hasSkipped": false
  },
  "results": [
    {
      "uuid": "bf42ce02-bb33-4d48-9fd1-df8f056039c0",
      "title": "",
      "fullFile": "cypress\\e2e\\e2e\\multipleCalendarPage\\syncToggle.cy.js",
      "file": "cypress\\e2e\\e2e\\multipleCalendarPage\\syncToggle.cy.js",
      "beforeHooks": [],
      "afterHooks": [],
      "tests": [],
      "suites": [
        {
          "uuid": "d5ba18db-1d83-481c-922b-ce669de8110a",
          "title": "Validate Multiple Calendar Page Sync Price toggle",
          "fullFile": "",
          "file": "",
          "beforeHooks": [],
          "afterHooks": [],
          "tests": [
            {
              "title": "Validate Enabling Multiple Calendar Sync Pricing toggle",
              "fullTitle": "Validate Multiple Calendar Page Sync Price toggle Validate Enabling Multiple Calendar Sync Pricing toggle",
              "timedOut": null,
              "duration": 20656,
              "state": "failed",
              "speed": null,
              "pass": false,
              "fail": true,
              "pending": false,
              "context": null,
              "code": "cy.viewport(1500, 1500);\nmultipleCalendar.syncPriceToggle('SUNSETPROPS_OLSE___323').then($toggle => {\n  const isChecked = $toggle.attr('data-checked') !== undefined;\n  if (isChecked) {\n    cy.wrap($toggle).click();\n    multipleCalendar.popupClose();\n  }\n  cy.wrap($toggle).click();\n  ValidatePopupAndToggle('Your prices are scheduled to be updated');\n  cy.wrap($toggle).should('have.attr', 'data-checked');\n});",
              "err": {
                "message": "CypressError: Timed out retrying after 4050ms: `cy.click()` failed because the page updated while this command was executing. Cypress tried to locate elements based on this query:\n\n> <label.chakra-switch.css-1bwumkt>\n\nWe initially found matching element(s), but while waiting for them to become actionable, they disappeared from the page. Common situations why this happens:\n  - Your JS framework re-rendered asynchronously\n  - Your app code reacted to an event firing and removed the element\n\nYou can typically solve this by breaking up a chain. For example, rewrite:\n\n> `cy.get('button').click().click()`\n\nto\n\n> `cy.get('button').as('btn').click()`\n> `cy.get('@btn').click()`\n\nhttps://on.cypress.io/element-has-detached-from-dom",
                "estack": "CypressError: Timed out retrying after 4050ms: `cy.click()` failed because the page updated while this command was executing. Cypress tried to locate elements based on this query:\n\n> <label.chakra-switch.css-1bwumkt>\n\nWe initially found matching element(s), but while waiting for them to become actionable, they disappeared from the page. Common situations why this happens:\n  - Your JS framework re-rendered asynchronously\n  - Your app code reacted to an event firing and removed the element\n\nYou can typically solve this by breaking up a chain. For example, rewrite:\n\n> `cy.get('button').click().click()`\n\nto\n\n> `cy.get('button').as('btn').click()`\n> `cy.get('@btn').click()`\n\nhttps://on.cypress.io/element-has-detached-from-dom\n    at retryActionability (https://app.pricelabs.co/__cypress/runner/cypress_runner.js:113270:74)\n    at tryCatcher (https://app.pricelabs.co/__cypress/runner/cypress_runner.js:1807:23)\n    at Promise.attempt.Promise.try (https://app.pricelabs.co/__cypress/runner/cypress_runner.js:4315:29)\n    at whenStable (https://app.pricelabs.co/__cypress/runner/cypress_runner.js:144055:68)\n    at <unknown> (https://app.pricelabs.co/__cypress/runner/cypress_runner.js:143996:14)\n    at tryCatcher (https://app.pricelabs.co/__cypress/runner/cypress_runner.js:1807:23)\n    at Promise._settlePromiseFromHandler (https://app.pricelabs.co/__cypress/runner/cypress_runner.js:1519:31)\n    at Promise._settlePromise (https://app.pricelabs.co/__cypress/runner/cypress_runner.js:1576:18)\n    at Promise._settlePromise0 (https://app.pricelabs.co/__cypress/runner/cypress_runner.js:1621:10)\n    at Promise._settlePromises (https://app.pricelabs.co/__cypress/runner/cypress_runner.js:1701:18)\n    at Promise._fulfill (https://app.pricelabs.co/__cypress/runner/cypress_runner.js:1645:18)\n    at <unknown> (https://app.pricelabs.co/__cypress/runner/cypress_runner.js:5450:46)\nFrom Your Spec Code:\n    at Context.eval (webpack:///./cypress/e2e/e2e/multipleCalendarPage/syncToggle.cy.js:65:33)",
                "diff": null
              },
              "uuid": "6b2e9abc-ad64-4d75-8738-a0f5c3c8abbb",
              "parentUUID": "d5ba18db-1d83-481c-922b-ce669de8110a",
              "isHook": false,
              "skipped": false
            },
            {
              "title": "Validate Disabling Multiple Calendar Sync Pricing toggle",
              "fullTitle": "Validate Multiple Calendar Page Sync Price toggle Validate Disabling Multiple Calendar Sync Pricing toggle",
              "timedOut": null,
              "duration": 8145,
              "state": "passed",
              "speed": "medium",
              "pass": true,
              "fail": false,
              "pending": false,
              "context": null,
              "code": "cy.viewport(1500, 1500);\nmultipleCalendar.syncPriceToggle('SUNSETPROPS_OLSE___323').then($toggle => {\n  const isNotChecked = $toggle.attr('data-checked') === undefined;\n  if (isNotChecked) {\n    cy.wrap($toggle).click();\n    multipleCalendar.popupClose();\n  }\n  cy.wrap($toggle).click();\n  ValidatePopupAndToggle('We have stopped updating your prices.');\n  cy.wrap($toggle).should('not.have.attr', 'data-checked');\n});",
              "err": {},
              "uuid": "7d1a2648-e82b-47d1-aafc-1cecbb1078d3",
              "parentUUID": "d5ba18db-1d83-481c-922b-ce669de8110a",
              "isHook": false,
              "skipped": false
            }
          ],
          "suites": [],
          "passes": [
            "7d1a2648-e82b-47d1-aafc-1cecbb1078d3"
          ],
          "failures": [
            "6b2e9abc-ad64-4d75-8738-a0f5c3c8abbb"
          ],
          "pending": [],
          "skipped": [],
          "duration": 28801,
          "root": false,
          "rootEmpty": false,
          "_timeout": 2000
        }
      ],
      "passes": [],
      "failures": [],
      "pending": [],
      "skipped": [],
      "duration": 0,
      "root": true,
      "rootEmpty": true,
      "_timeout": 2000
    }
  ],
  "meta": {
    "mocha": {
      "version": "7.0.1"
    },
    "mochawesome": {
      "options": {
        "quiet": false,
        "reportFilename": "mochawesome",
        "saveHtml": false,
        "saveJson": true,
        "consoleReporter": "spec",
        "useInlineDiffs": false,
        "code": true
      },
      "version": "7.1.3"
    },
    "marge": {
      "options": {
        "reportDir": "cypress/reports",
        "overwrite": false,
        "html": false,
        "json": true
      },
      "version": "6.2.0"
    }
  }
}