{
  "stats": {
    "suites": 1,
    "tests": 7,
    "passes": 7,
    "pending": 0,
    "failures": 0,
    "start": "2024-08-07T15:55:02.438Z",
    "end": "2024-08-07T15:55:08.175Z",
    "duration": 5737,
    "testsRegistered": 7,
    "passPercent": 100,
    "pendingPercent": 0,
    "other": 0,
    "hasOther": false,
    "skipped": 0,
    "hasSkipped": false
  },
  "results": [
    {
      "uuid": "db6214d4-22ee-4da4-8670-a9e1b5374f36",
      "title": "",
      "fullFile": "cypress\\e2e\\apiTests\\push_price_status.cy.js",
      "file": "cypress\\e2e\\apiTests\\push_price_status.cy.js",
      "beforeHooks": [],
      "afterHooks": [],
      "tests": [],
      "suites": [
        {
          "uuid": "a908cfb4-e137-47a5-a3b5-6f494223de60",
          "title": "Validate Sync toggle api",
          "fullFile": "",
          "file": "",
          "beforeHooks": [],
          "afterHooks": [],
          "tests": [
            {
              "title": "Validate enabling the Sync Prices toggle",
              "fullTitle": "Validate Sync toggle api Validate enabling the Sync Prices toggle",
              "timedOut": null,
              "duration": 4007,
              "state": "passed",
              "speed": "fast",
              "pass": true,
              "fail": false,
              "pending": false,
              "context": null,
              "code": "let payload = payloadData.push_price_status;\ncy.makeRequest('POST', 'push_price_status', {\n  queryParams: '1722757091324',\n  body: payload\n}).then(response => {\n  expect(response.status).to.eq(200);\n  expect(response.body).property('message').eq('SUCCESS');\n  expect(response.body).property('response').deep.eq(responseData.push_price_status.enableSyncPriceToggleResponseMessage.response);\n});",
              "err": {},
              "uuid": "5545fe2e-4d25-4526-bf2b-2e0805bf12d0",
              "parentUUID": "a908cfb4-e137-47a5-a3b5-6f494223de60",
              "isHook": false,
              "skipped": false
            },
            {
              "title": "Validate disabling the Sync Prices toggle",
              "fullTitle": "Validate Sync toggle api Validate disabling the Sync Prices toggle",
              "timedOut": null,
              "duration": 307,
              "state": "passed",
              "speed": "fast",
              "pass": true,
              "fail": false,
              "pending": false,
              "context": null,
              "code": "let newPayload = _objectSpread(_objectSpread({}, payloadData.push_price_status), {}, {\n  push_status: false\n});\ncy.makeRequest('POST', 'push_price_status', {\n  queryParams: '1722757091324',\n  body: newPayload\n}).then(response => {\n  expect(response.status).to.eq(200);\n  expect(response.body).property('message').eq('SUCCESS');\n  expect(response.body).property('response').deep.eq(responseData.push_price_status.disableSyncPriceToggleResponseMessage.response);\n});",
              "err": {},
              "uuid": "a6f74db8-8134-4d6d-bca9-b602f73be8d2",
              "parentUUID": "a908cfb4-e137-47a5-a3b5-6f494223de60",
              "isHook": false,
              "skipped": false
            },
            {
              "title": "Validate Sync Prices toggle when the listings_id is incorrect",
              "fullTitle": "Validate Sync toggle api Validate Sync Prices toggle when the listings_id is incorrect",
              "timedOut": null,
              "duration": 264,
              "state": "passed",
              "speed": "fast",
              "pass": true,
              "fail": false,
              "pending": false,
              "context": null,
              "code": "let newPayload = _objectSpread(_objectSpread({}, payloadData.push_price_status), {}, {\n  \"listing_id\": 'SUNSETPROPS___533'\n});\ncy.makeRequest('POST', 'push_price_status', {\n  queryParams: '1722757091324',\n  body: newPayload\n}).then(response => {\n  expect(response.status).to.eq(200);\n  expect(response.body).property('message').eq('SUCCESS');\n  expect(response.body).property('response').deep.eq(responseData.push_price_status.noListingError);\n});",
              "err": {},
              "uuid": "140ff48d-2c18-4491-a67e-9212211b5e12",
              "parentUUID": "a908cfb4-e137-47a5-a3b5-6f494223de60",
              "isHook": false,
              "skipped": false
            },
            {
              "title": "Validate Sync Prices toggle when the pms_name is incorrect",
              "fullTitle": "Validate Sync toggle api Validate Sync Prices toggle when the pms_name is incorrect",
              "timedOut": null,
              "duration": 277,
              "state": "passed",
              "speed": "fast",
              "pass": true,
              "fail": false,
              "pending": false,
              "context": null,
              "code": "let newPayload = _objectSpread(_objectSpread({}, payloadData.push_price_status), {}, {\n  pms_name: 'prm'\n});\ncy.makeRequest('POST', 'push_price_status', {\n  queryParams: '1722757091324',\n  body: newPayload\n}).then(response => {\n  expect(response.status).to.eq(200);\n  expect(response.body).property('message').eq('SUCCESS');\n  expect(response.body).property('response').deep.eq(responseData.push_price_status.noListingError);\n});",
              "err": {},
              "uuid": "d1d07010-9266-4647-9cec-d4c0bf334fb3",
              "parentUUID": "a908cfb4-e137-47a5-a3b5-6f494223de60",
              "isHook": false,
              "skipped": false
            },
            {
              "title": "Validate Sync Prices toggle when the listing_id is not sent in the payload",
              "fullTitle": "Validate Sync toggle api Validate Sync Prices toggle when the listing_id is not sent in the payload",
              "timedOut": null,
              "duration": 287,
              "state": "passed",
              "speed": "fast",
              "pass": true,
              "fail": false,
              "pending": false,
              "context": null,
              "code": "let newPayload = _objectSpread({}, payloadData.push_price_status);\ndelete newPayload.listing_id;\ncy.makeRequest('POST', 'push_price_status', {\n  queryParams: '1722757091324',\n  body: newPayload\n}).then(response => {\n  expect(response.status).to.eq(200);\n  expect(response.body).property('message').eq('SUCCESS');\n  expect(response.body).property('response').deep.eq(responseData.push_price_status.noListingError);\n});",
              "err": {},
              "uuid": "1be0f78e-beef-4e1a-b1b3-cb4519fd04c4",
              "parentUUID": "a908cfb4-e137-47a5-a3b5-6f494223de60",
              "isHook": false,
              "skipped": false
            },
            {
              "title": "Validate Sync Prices toggle when the pms_name is not sent in the payload",
              "fullTitle": "Validate Sync toggle api Validate Sync Prices toggle when the pms_name is not sent in the payload",
              "timedOut": null,
              "duration": 270,
              "state": "passed",
              "speed": "fast",
              "pass": true,
              "fail": false,
              "pending": false,
              "context": null,
              "code": "let newPayload = _objectSpread({}, payloadData.push_price_status);\ndelete newPayload.pms_name;\ncy.makeRequest('POST', 'push_price_status', {\n  queryParams: '1722757091324',\n  body: newPayload\n}).then(response => {\n  expect(response.status).to.eq(200);\n  expect(response.body).property('message').eq('SUCCESS');\n  expect(response.body).property('response').deep.eq(responseData.push_price_status.noListingError);\n});",
              "err": {},
              "uuid": "233855bf-9414-422e-9c62-13d72a608597",
              "parentUUID": "a908cfb4-e137-47a5-a3b5-6f494223de60",
              "isHook": false,
              "skipped": false
            },
            {
              "title": "Validate API response for missing query parameters",
              "fullTitle": "Validate Sync toggle api Validate API response for missing query parameters",
              "timedOut": null,
              "duration": 286,
              "state": "passed",
              "speed": "fast",
              "pass": true,
              "fail": false,
              "pending": false,
              "context": null,
              "code": "let noParamResponse = _objectSpread(_objectSpread({}, responseData.push_price_status.enableSyncPriceToggleResponseMessage.response), {}, {\n  listing_name: null\n});\ncy.makeRequest('POST', 'push_price_status', {\n  body: payloadData.push_price_status\n}).then(response => {\n  expect(response.status).to.eq(200);\n  expect(response.body).property('message').eq('SUCCESS');\n  expect(response.body).property('response').deep.eq(noParamResponse);\n});",
              "err": {},
              "uuid": "e3d7ee7f-6845-4954-ab81-c2a29cc5f3d0",
              "parentUUID": "a908cfb4-e137-47a5-a3b5-6f494223de60",
              "isHook": false,
              "skipped": false
            }
          ],
          "suites": [],
          "passes": [
            "5545fe2e-4d25-4526-bf2b-2e0805bf12d0",
            "a6f74db8-8134-4d6d-bca9-b602f73be8d2",
            "140ff48d-2c18-4491-a67e-9212211b5e12",
            "d1d07010-9266-4647-9cec-d4c0bf334fb3",
            "1be0f78e-beef-4e1a-b1b3-cb4519fd04c4",
            "233855bf-9414-422e-9c62-13d72a608597",
            "e3d7ee7f-6845-4954-ab81-c2a29cc5f3d0"
          ],
          "failures": [],
          "pending": [],
          "skipped": [],
          "duration": 5698,
          "root": false,
          "rootEmpty": false,
          "_timeout": 2000
        }
      ],
      "passes": [],
      "failures": [],
      "pending": [],
      "skipped": [],
      "duration": 0,
      "root": true,
      "rootEmpty": true,
      "_timeout": 2000
    }
  ],
  "meta": {
    "mocha": {
      "version": "7.0.1"
    },
    "mochawesome": {
      "options": {
        "quiet": false,
        "reportFilename": "mochawesome",
        "saveHtml": false,
        "saveJson": true,
        "consoleReporter": "spec",
        "useInlineDiffs": false,
        "code": true
      },
      "version": "7.1.3"
    },
    "marge": {
      "options": {
        "reportDir": "cypress/reports",
        "overwrite": false,
        "html": false,
        "json": true
      },
      "version": "6.2.0"
    }
  }
}